[debug] [2024-02-14T14:53:33.444Z] ----------------------------------------------------------------------
[debug] [2024-02-14T14:53:33.446Z] Command:       C:\Program Files\nodejs\node.exe C:\Users\ASUS\AppData\Roaming\npm\node_modules\firebase-tools\lib\bin\firebase.js init
[debug] [2024-02-14T14:53:33.446Z] CLI Version:   13.1.0
[debug] [2024-02-14T14:53:33.446Z] Platform:      win32
[debug] [2024-02-14T14:53:33.446Z] Node Version:  v18.17.1
[debug] [2024-02-14T14:53:33.447Z] Time:          Wed Feb 14 2024 20:23:33 GMT+0530 (India Standard Time)
[debug] [2024-02-14T14:53:33.447Z] ----------------------------------------------------------------------
[debug] 
[debug] [2024-02-14T14:53:33.451Z] >>> [apiv2][query] GET https://firebase-public.firebaseio.com/cli.json [none]
[debug] [2024-02-14T14:53:33.497Z] > command requires scopes: ["email","openid","https://www.googleapis.com/auth/cloudplatformprojects.readonly","https://www.googleapis.com/auth/firebase","https://www.googleapis.com/auth/cloud-platform"]
[debug] [2024-02-14T14:53:33.497Z] > authorizing via signed-in user (jhasarthak9@gmail.com)
[info] 
     ######## #### ########  ######## ########     ###     ######  ########
     ##        ##  ##     ## ##       ##     ##  ##   ##  ##       ##
     ######    ##  ########  ######   ########  #########  ######  ######
     ##        ##  ##    ##  ##       ##     ## ##     ##       ## ##
     ##       #### ##     ## ######## ########  ##     ##  ######  ########

You're about to initialize a Firebase project in this directory:

  D:\Hello, World\ReactJS\to-do-proto

[debug] [2024-02-14T14:53:37.828Z] <<< [apiv2][status] GET https://firebase-public.firebaseio.com/cli.json 200
[debug] [2024-02-14T14:53:37.828Z] <<< [apiv2][body] GET https://firebase-public.firebaseio.com/cli.json {"cloudBuildErrorAfter":1594252800000,"cloudBuildWarnAfter":1590019200000,"defaultNode10After":1594252800000,"minVersion":"3.0.5","node8DeploysDisabledAfter":1613390400000,"node8RuntimeDisabledAfter":1615809600000,"node8WarnAfter":1600128000000}
[debug] [2024-02-14T14:54:01.363Z] Error: Timed out.
    at Timeout._onTimeout (C:\Users\ASUS\AppData\Roaming\npm\node_modules\firebase-tools\lib\utils.js:258:49)
    at listOnTimeout (node:internal/timers:569:17)
    at process.processTimers (node:internal/timers:512:7)
[error] 
[error] Error: An unexpected error has occurred.
[debug] [2024-02-14T14:54:07.870Z] ----------------------------------------------------------------------
[debug] [2024-02-14T14:54:07.872Z] Command:       C:\Program Files\nodejs\node.exe C:\Users\ASUS\AppData\Roaming\npm\node_modules\firebase-tools\lib\bin\firebase.js init
[debug] [2024-02-14T14:54:07.872Z] CLI Version:   13.1.0
[debug] [2024-02-14T14:54:07.873Z] Platform:      win32
[debug] [2024-02-14T14:54:07.873Z] Node Version:  v18.17.1
[debug] [2024-02-14T14:54:07.874Z] Time:          Wed Feb 14 2024 20:24:07 GMT+0530 (India Standard Time)
[debug] [2024-02-14T14:54:07.874Z] ----------------------------------------------------------------------
[debug] 
[debug] [2024-02-14T14:54:07.880Z] > command requires scopes: ["email","openid","https://www.googleapis.com/auth/cloudplatformprojects.readonly","https://www.googleapis.com/auth/firebase","https://www.googleapis.com/auth/cloud-platform"]
[debug] [2024-02-14T14:54:07.880Z] > authorizing via signed-in user (jhasarthak9@gmail.com)
[info] 
     ######## #### ########  ######## ########     ###     ######  ########
     ##        ##  ##     ## ##       ##     ##  ##   ##  ##       ##
     ######    ##  ########  ######   ########  #########  ######  ######
     ##        ##  ##    ##  ##       ##     ## ##     ##       ## ##
     ##       #### ##     ## ######## ########  ##     ##  ######  ########

You're about to initialize a Firebase project in this directory:

  D:\Hello, World\ReactJS\to-do-proto

[info] 
=== Project Setup
[info] 
[info] First, let's associate this project directory with a Firebase project.
[info] You can create multiple project aliases by running firebase use --add, 
[info] but for now we'll just set up a default project.
[info] 
[debug] [2024-02-14T14:54:35.990Z] > refreshing access token with scopes: []
[debug] [2024-02-14T14:54:35.991Z] >>> [apiv2][query] POST https://www.googleapis.com/oauth2/v3/token [none]
[debug] [2024-02-14T14:54:35.992Z] >>> [apiv2][body] POST https://www.googleapis.com/oauth2/v3/token [omitted]
[debug] [2024-02-14T14:54:36.525Z] <<< [apiv2][status] POST https://www.googleapis.com/oauth2/v3/token 200
[debug] [2024-02-14T14:54:36.525Z] <<< [apiv2][body] POST https://www.googleapis.com/oauth2/v3/token [omitted]
[debug] [2024-02-14T14:54:36.534Z] >>> [apiv2][query] GET https://firebase.googleapis.com/v1beta1/projects pageSize=100
[debug] [2024-02-14T14:54:37.582Z] <<< [apiv2][status] GET https://firebase.googleapis.com/v1beta1/projects 200
[debug] [2024-02-14T14:54:37.582Z] <<< [apiv2][body] GET https://firebase.googleapis.com/v1beta1/projects [omitted]
[info] i  Using project crud-todo-74cd5 (Crud-Todo) 
[info] 
=== Hosting Setup
[debug] [2024-02-14T14:54:50.730Z] >>> [apiv2][query] GET https://firebase.googleapis.com/v1beta1/projects/crud-todo-74cd5 [none]
[debug] [2024-02-14T14:54:54.899Z] <<< [apiv2][status] GET https://firebase.googleapis.com/v1beta1/projects/crud-todo-74cd5 200
[debug] [2024-02-14T14:54:54.900Z] <<< [apiv2][body] GET https://firebase.googleapis.com/v1beta1/projects/crud-todo-74cd5 {"projectId":"crud-todo-74cd5","projectNumber":"799865766888","displayName":"Crud-Todo","name":"projects/crud-todo-74cd5","resources":{"hostingSite":"crud-todo-74cd5"},"state":"ACTIVE","etag":"1_e6c86549-ea5d-44fb-b72d-5981d8b78c25"}
[info] 
[info] Your public directory is the folder (relative to your project directory) that
[info] will contain Hosting assets to be uploaded with firebase deploy. If you
[info] have a build process for your assets, use your build's output directory.
[info] 
[info] +  Wrote build/404.html 
[debug] [2024-02-14T14:55:52.935Z] >>> [apiv2][query] GET https://www.gstatic.com/firebasejs/releases.json [none]
[debug] [2024-02-14T14:55:53.238Z] <<< [apiv2][status] GET https://www.gstatic.com/firebasejs/releases.json 200
[debug] [2024-02-14T14:55:53.238Z] <<< [apiv2][body] GET https://www.gstatic.com/firebasejs/releases.json {"current":{"version":"10.8.0","browserURL":"https://www.gstatic.com/firebasejs/10.8.0/firebase.js","packageURL":"https://www.gstatic.com/firebasejs/10.8.0/firebase.tgz"},"live":{"version":"10.8","browserURL":"https://www.gstatic.com/firebasejs/live/10.8/firebase.js","packageURL":"https://www.gstatic.com/firebasejs/live/10.8/firebase.tgz"},"components":{"analytics":"https://www.gstatic.com/firebasejs/10.8.0/firebase-analytics.js","app":"https://www.gstatic.com/firebasejs/10.8.0/firebase-app.js","app-check":"https://www.gstatic.com/firebasejs/10.8.0/firebase-app-check.js","auth":"https://www.gstatic.com/firebasejs/10.8.0/firebase-auth.js","auth/cordova":"https://www.gstatic.com/firebasejs/10.8.0/firebase-auth/cordova.js","auth/web-extension":"https://www.gstatic.com/firebasejs/10.8.0/firebase-auth/web-extension.js","functions":"https://www.gstatic.com/firebasejs/10.8.0/firebase-functions.js","firestore":"https://www.gstatic.com/firebasejs/10.8.0/firebase-firestore.js","firestore/lite":"https://www.gstatic.com/firebasejs/10.8.0/firebase-firestore/lite.js","installations":"https://www.gstatic.com/firebasejs/10.8.0/firebase-installations.js","storage":"https://www.gstatic.com/firebasejs/10.8.0/firebase-storage.js","performance":"https://www.gstatic.com/firebasejs/10.8.0/firebase-performance.js","remote-config":"https://www.gstatic.com/firebasejs/10.8.0/firebase-remote-config.js","messaging":"https://www.gstatic.com/firebasejs/10.8.0/firebase-messaging.js","messaging/sw":"https://www.gstatic.com/firebasejs/10.8.0/firebase-messaging/sw.js","database":"https://www.gstatic.com/firebasejs/10.8.0/firebase-database.js","firestore.memory":"https://www.gstatic.com/firebasejs/10.8.0/firebase-firestore.memory.js"}}
[info] +  Wrote build/index.html 
[info] 
[info] i  Detected a .git folder at D:\Hello, World\ReactJS\to-do-proto 
[info] i  Authorizing with GitHub to upload your service account to a GitHub repository's secrets store. 
[info] 
[info] Visit this URL on this device to log in:
[info] https://github.com/login/oauth/authorize?client_id=89cf50f02ac6aaed3484&state=121987801&redirect_uri=http%3A%2F%2Flocalhost%3A9005&scope=read%3Auser%20repo%20public_repo
[info] 
[info] Waiting for authentication...
[debug] [2024-02-14T14:56:20.612Z] >>> [apiv2][query] POST https://github.com/login/oauth/access_token [none]
[debug] [2024-02-14T14:56:20.612Z] >>> [apiv2][body] POST https://github.com/login/oauth/access_token [stream]
[debug] [2024-02-14T14:56:21.201Z] <<< [apiv2][status] POST https://github.com/login/oauth/access_token 200
[debug] [2024-02-14T14:56:21.201Z] <<< [apiv2][body] POST https://github.com/login/oauth/access_token {"access_token":"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","token_type":"bearer","scope":"read:user,repo"}
[debug] [2024-02-14T14:56:21.207Z] >>> [apiv2][query] GET https://api.github.com/user [none]
[debug] [2024-02-14T14:56:21.826Z] <<< [apiv2][status] GET https://api.github.com/user 200
[debug] [2024-02-14T14:56:21.827Z] <<< [apiv2][body] GET https://api.github.com/user {"login":"SarJ2004","id":99111773,"node_id":"U_kgDOBehTXQ","avatar_url":"https://avatars.githubusercontent.com/u/99111773?v=4","gravatar_id":"","url":"https://api.github.com/users/SarJ2004","html_url":"https://github.com/SarJ2004","followers_url":"https://api.github.com/users/SarJ2004/followers","following_url":"https://api.github.com/users/SarJ2004/following{/other_user}","gists_url":"https://api.github.com/users/SarJ2004/gists{/gist_id}","starred_url":"https://api.github.com/users/SarJ2004/starred{/owner}{/repo}","subscriptions_url":"https://api.github.com/users/SarJ2004/subscriptions","organizations_url":"https://api.github.com/users/SarJ2004/orgs","repos_url":"https://api.github.com/users/SarJ2004/repos","events_url":"https://api.github.com/users/SarJ2004/events{/privacy}","received_events_url":"https://api.github.com/users/SarJ2004/received_events","type":"User","site_admin":false,"name":"Sarthak Jha","company":null,"blog":"https://sarj2004.github.io/Sarthak-Portfolio/","location":"India","email":"phoenixsarthak1@gmail.com","hireable":null,"bio":"Hi There, I am a beginner at front-end development.","twitter_username":null,"public_repos":10,"public_gists":0,"followers":4,"following":6,"created_at":"2022-02-06T05:39:44Z","updated_at":"2024-02-06T13:26:57Z","private_gists":0,"total_private_repos":10,"owned_private_repos":10,"disk_usage":90943,"collaborators":0,"two_factor_authentication":false,"plan":{"name":"pro","space":976562499,"collaborators":0,"private_repos":9999}}
[info] 
[info] +  Success! Logged into GitHub as SarJ2004 
[info] 
